<?xml version="1.0" encoding="UTF-8"?>
<testsuite xmlns:xsi="http://www.w3.org/2001/XMLSchema-instance" xsi:noNamespaceSchemaLocation="https://maven.apache.org/surefire/maven-surefire-plugin/xsd/surefire-test-report.xsd" name="gov.uspto.opsg.Runner" time="28.108" tests="6" errors="0" skipped="0" failures="0">
  <properties>
[...]
</properties>
  <testcase name="Given User navigate to Selenium Easy home page" classname="Scenario: Verify single checkbox functionality" time="0.003"/>
  <testcase name="When User click on the Input Form link" classname="Scenario: Verify single checkbox functionality" time="0"/>
  <testcase name="Then User click on the Chickbox Demo" classname="Scenario: Verify single checkbox functionality" time="0.002"/>
  <testcase name="Then Click on this check box" classname="Scenario: Verify single checkbox functionality" time="0"/>
  <testcase name="And user verify the Check box is checked message" classname="Scenario: Verify single checkbox functionality" time="0"/>
  <testcase name="Scenario: Verify single checkbox functionality" classname="Scenario: Verify single checkbox functionality" time="5.225"/>
</testsuite>